build/app/intermediates/manifest_merge_blame_file/release/manifest-merger-blame-release-report.txt
1<?xml version="1.0" encoding="utf-8"?>
2<manifest xmlns:android="http://schemas.android.com/apk/res/android"
3    package="com.gds.customer"
4    android:versionCode="1"
5    android:versionName="1.0.0" >
6
7    <uses-sdk
8        android:minSdkVersion="23"
8-->src\main\AndroidManifest.xml
9        android:targetSdkVersion="34" />
9-->src\main\AndroidManifest.xml
10
11    <uses-permission android:name="android.permission.INTERNET" />
11-->src\main\AndroidManifest.xml:4:5-66
11-->src\main\AndroidManifest.xml:4:22-64
12    <uses-permission android:name="android.permission.CAMERA" />
12-->src\main\AndroidManifest.xml:5:5-64
12-->src\main\AndroidManifest.xml:5:22-62
13    <uses-permission
13-->src\main\AndroidManifest.xml:6:5-106
14        android:name="android.permission.READ_EXTERNAL_STORAGE"
14-->src\main\AndroidManifest.xml:6:22-77
15        android:maxSdkVersion="32" />
15-->src\main\AndroidManifest.xml:6:78-104
16    <uses-permission
16-->src\main\AndroidManifest.xml:7:5-107
17        android:name="android.permission.WRITE_EXTERNAL_STORAGE"
17-->src\main\AndroidManifest.xml:7:22-78
18        android:maxSdkVersion="32" />
18-->src\main\AndroidManifest.xml:7:79-105
19    <uses-permission android:name="android.permission.READ_MEDIA_IMAGES" />
19-->src\main\AndroidManifest.xml:8:5-75
19-->src\main\AndroidManifest.xml:8:22-73
20    <uses-permission android:name="android.permission.READ_MEDIA_VIDEO" />
20-->src\main\AndroidManifest.xml:9:5-74
20-->src\main\AndroidManifest.xml:9:22-72
21
22    <queries>
22-->[:file_picker] AndroidManifest.xml:13:5-19:15
23        <intent>
23-->[:file_picker] AndroidManifest.xml:14:9-18:18
24            <action android:name="android.intent.action.GET_CONTENT" />
24-->[:file_picker] AndroidManifest.xml:15:13-72
24-->[:file_picker] AndroidManifest.xml:15:21-69
25
26            <data android:mimeType="*/*" />
26-->src\main\AndroidManifest.xml:52:17-79
27        </intent>
28        <!-- Added to check if Chrome is installed for browser-based payment authentication (e.g. 3DS1). -->
29        <package android:name="com.android.chrome" /> <!-- Added to check the default browser that will host the AuthFlow. -->
29-->[com.stripe:payments-core:20.37.4] AndroidManifest.xml:11:9-54
29-->[com.stripe:payments-core:20.37.4] AndroidManifest.xml:11:18-51
30        <intent>
30-->[com.stripe:financial-connections:20.37.4] AndroidManifest.xml:13:9-17:18
31            <action android:name="android.intent.action.VIEW" />
31-->src\main\AndroidManifest.xml:49:17-69
31-->src\main\AndroidManifest.xml:49:25-66
32
33            <data android:scheme="http" />
33-->src\main\AndroidManifest.xml:52:17-79
33-->src\main\AndroidManifest.xml:52:23-48
34        </intent> <!-- Needs to be explicitly declared on Android R+ -->
35        <package android:name="com.google.android.apps.maps" />
35-->[com.google.android.gms:play-services-maps:18.2.0] AndroidManifest.xml:33:9-64
35-->[com.google.android.gms:play-services-maps:18.2.0] AndroidManifest.xml:33:18-61
36    </queries>
37
38    <uses-permission android:name="android.permission.ACCESS_COARSE_LOCATION" />
38-->[:telephony] AndroidManifest.xml:9:5-81
38-->[:telephony] AndroidManifest.xml:9:22-78
39    <uses-permission android:name="android.permission.ACCESS_NETWORK_STATE" />
39-->[com.google.firebase:firebase-auth:22.3.1] AndroidManifest.xml:26:5-79
39-->[com.google.firebase:firebase-auth:22.3.1] AndroidManifest.xml:26:22-76
40    <uses-permission android:name="android.permission.WAKE_LOCK" /> <!-- Required by older versions of Google Play services to create IID tokens -->
40-->[com.google.firebase:firebase-iid:21.1.0] AndroidManifest.xml:24:5-68
40-->[com.google.firebase:firebase-iid:21.1.0] AndroidManifest.xml:24:22-65
41    <uses-permission android:name="com.google.android.c2dm.permission.RECEIVE" />
41-->[com.google.firebase:firebase-iid:21.1.0] AndroidManifest.xml:26:5-82
41-->[com.google.firebase:firebase-iid:21.1.0] AndroidManifest.xml:26:22-79
42
43    <uses-feature
43-->[com.google.android.gms:play-services-maps:18.2.0] AndroidManifest.xml:26:5-28:35
44        android:glEsVersion="0x00020000"
44-->[com.google.android.gms:play-services-maps:18.2.0] AndroidManifest.xml:27:9-41
45        android:required="true" />
45-->[com.google.android.gms:play-services-maps:18.2.0] AndroidManifest.xml:28:9-32
46
47    <uses-permission android:name="com.google.android.providers.gsf.permission.READ_GSERVICES" />
47-->[com.google.android.recaptcha:recaptcha:18.4.0] AndroidManifest.xml:9:5-98
47-->[com.google.android.recaptcha:recaptcha:18.4.0] AndroidManifest.xml:9:22-95
48
49    <permission
49-->[androidx.core:core:1.12.0] AndroidManifest.xml:22:5-24:47
50        android:name="com.gds.customer.DYNAMIC_RECEIVER_NOT_EXPORTED_PERMISSION"
50-->[androidx.core:core:1.12.0] AndroidManifest.xml:23:9-81
51        android:protectionLevel="signature" />
51-->[androidx.core:core:1.12.0] AndroidManifest.xml:24:9-44
52
53    <uses-permission android:name="com.gds.customer.DYNAMIC_RECEIVER_NOT_EXPORTED_PERMISSION" />
53-->[androidx.core:core:1.12.0] AndroidManifest.xml:26:5-97
53-->[androidx.core:core:1.12.0] AndroidManifest.xml:26:22-94
54
55    <application
55-->src\main\AndroidManifest.xml:11:5-65:19
56        android:appComponentFactory="androidx.core.app.CoreComponentFactory"
56-->[androidx.core:core:1.12.0] AndroidManifest.xml:28:18-86
57        android:extractNativeLibs="false"
58        android:icon="@mipmap/ic_launcher"
58-->src\main\AndroidManifest.xml:14:9-43
59        android:label="customer"
59-->src\main\AndroidManifest.xml:12:9-33
60        android:requestLegacyExternalStorage="true" >
60-->src\main\AndroidManifest.xml:15:9-52
61        <activity
61-->src\main\AndroidManifest.xml:17:9-55:20
62            android:name="com.gds.customer.MainActivity"
62-->src\main\AndroidManifest.xml:18:13-41
63            android:configChanges="orientation|keyboardHidden|keyboard|screenSize|smallestScreenSize|locale|layoutDirection|fontScale|screenLayout|density|uiMode"
63-->src\main\AndroidManifest.xml:22:13-163
64            android:exported="true"
64-->src\main\AndroidManifest.xml:19:13-36
65            android:hardwareAccelerated="true"
65-->src\main\AndroidManifest.xml:23:13-47
66            android:launchMode="singleTop"
66-->src\main\AndroidManifest.xml:20:13-43
67            android:theme="@style/LaunchTheme"
67-->src\main\AndroidManifest.xml:21:13-47
68            android:windowSoftInputMode="adjustResize" >
68-->src\main\AndroidManifest.xml:24:13-55
69
70            <!--
71                 Specifies an Android theme to apply to this Activity as soon as
72                 the Android process has started. This theme is visible to the user
73                 while the Flutter UI initializes. After that, this theme continues
74                 to determine the Window background behind the Flutter UI.
75            -->
76            <meta-data
76-->src\main\AndroidManifest.xml:29:13-32:17
77                android:name="io.flutter.embedding.android.NormalTheme"
77-->src\main\AndroidManifest.xml:30:15-70
78                android:resource="@style/NormalTheme" />
78-->src\main\AndroidManifest.xml:31:15-52
79            <!--
80                 Displays an Android View that continues showing the launch screen
81                 Drawable until Flutter paints its first frame, then this splash
82                 screen fades out. A splash screen is useful to avoid any visual
83                 gap between the end of Android's launch screen and the painting of
84                 Flutter's first frame.
85            -->
86            <meta-data
86-->src\main\AndroidManifest.xml:38:13-41:17
87                android:name="io.flutter.embedding.android.SplashScreenDrawable"
87-->src\main\AndroidManifest.xml:39:15-79
88                android:resource="@drawable/launch_background" />
88-->src\main\AndroidManifest.xml:40:15-61
89
90            <intent-filter>
90-->src\main\AndroidManifest.xml:42:13-45:29
91                <action android:name="android.intent.action.MAIN" />
91-->src\main\AndroidManifest.xml:43:17-68
91-->src\main\AndroidManifest.xml:43:25-66
92
93                <category android:name="android.intent.category.LAUNCHER" />
93-->src\main\AndroidManifest.xml:44:17-76
93-->src\main\AndroidManifest.xml:44:27-74
94            </intent-filter>
95            <!-- Deep linking -->
96            <meta-data
96-->src\main\AndroidManifest.xml:47:13-90
97                android:name="flutter_deeplinking_enabled"
97-->src\main\AndroidManifest.xml:47:24-66
98                android:value="true" />
98-->src\main\AndroidManifest.xml:47:67-87
99
100            <intent-filter android:autoVerify="true" >
100-->src\main\AndroidManifest.xml:48:13-53:29
100-->src\main\AndroidManifest.xml:48:28-53
101                <action android:name="android.intent.action.VIEW" />
101-->src\main\AndroidManifest.xml:49:17-69
101-->src\main\AndroidManifest.xml:49:25-66
102
103                <category android:name="android.intent.category.DEFAULT" />
103-->src\main\AndroidManifest.xml:50:17-76
103-->src\main\AndroidManifest.xml:50:27-73
104                <category android:name="android.intent.category.BROWSABLE" />
104-->src\main\AndroidManifest.xml:51:17-78
104-->src\main\AndroidManifest.xml:51:27-75
105
106                <data
106-->src\main\AndroidManifest.xml:52:17-79
107                    android:host="customer.com"
107-->src\main\AndroidManifest.xml:52:49-76
108                    android:scheme="customer" />
108-->src\main\AndroidManifest.xml:52:23-48
109            </intent-filter>
110        </activity>
111
112        <!--
113             Don't delete the meta-data below.
114             This is used by the Flutter tool to generate GeneratedPluginRegistrant.java
115        -->
116        <meta-data
116-->src\main\AndroidManifest.xml:59:9-61:33
117            android:name="flutterEmbedding"
117-->src\main\AndroidManifest.xml:60:13-44
118            android:value="2" />
118-->src\main\AndroidManifest.xml:61:13-30
119        <meta-data
119-->src\main\AndroidManifest.xml:62:9-123
120            android:name="com.google.android.geo.API_KEY"
120-->src\main\AndroidManifest.xml:62:20-65
121            android:value="AIzaSyC2Vdj7JPSjSjs0g85GweGyZVgzJa-_3j4" />
121-->src\main\AndroidManifest.xml:62:66-121
122        <meta-data
122-->src\main\AndroidManifest.xml:64:9-99
123            android:name="com.google.android.gms.wallet.api.enabled"
123-->src\main\AndroidManifest.xml:64:20-76
124            android:value="true" />
124-->src\main\AndroidManifest.xml:64:77-97
125
126        <service
126-->[:cloud_firestore] AndroidManifest.xml:10:9-14:19
127            android:name="com.google.firebase.components.ComponentDiscoveryService"
127-->[:cloud_firestore] AndroidManifest.xml:10:18-89
128            android:directBootAware="true"
128-->[com.google.firebase:firebase-common:20.4.3] AndroidManifest.xml:32:13-43
129            android:exported="false" >
129-->[com.google.firebase:firebase-perf:20.5.2] AndroidManifest.xml:13:13-37
130            <meta-data
130-->[:cloud_firestore] AndroidManifest.xml:11:13-13:85
131                android:name="com.google.firebase.components:io.flutter.plugins.firebase.firestore.FlutterFirebaseFirestoreRegistrar"
131-->[:cloud_firestore] AndroidManifest.xml:12:17-134
132                android:value="com.google.firebase.components.ComponentRegistrar" />
132-->[:cloud_firestore] AndroidManifest.xml:13:17-82
133            <meta-data
133-->[:cloud_functions] AndroidManifest.xml:11:13-13:85
134                android:name="com.google.firebase.components:io.flutter.plugins.firebase.functions.FlutterFirebaseAppRegistrar"
134-->[:cloud_functions] AndroidManifest.xml:12:17-128
135                android:value="com.google.firebase.components.ComponentRegistrar" />
135-->[:cloud_functions] AndroidManifest.xml:13:17-82
136            <meta-data
136-->[:firebase_auth] AndroidManifest.xml:11:13-13:85
137                android:name="com.google.firebase.components:io.flutter.plugins.firebase.auth.FlutterFirebaseAuthRegistrar"
137-->[:firebase_auth] AndroidManifest.xml:12:17-124
138                android:value="com.google.firebase.components.ComponentRegistrar" />
138-->[:firebase_auth] AndroidManifest.xml:13:17-82
139            <meta-data
139-->[:firebase_performance] AndroidManifest.xml:13:13-15:85
140                android:name="com.google.firebase.components:io.flutter.plugins.firebase.performance.FlutterFirebaseAppRegistrar"
140-->[:firebase_performance] AndroidManifest.xml:14:17-130
141                android:value="com.google.firebase.components.ComponentRegistrar" />
141-->[:firebase_performance] AndroidManifest.xml:15:17-82
142            <meta-data
142-->[:firebase_storage] AndroidManifest.xml:11:13-13:85
143                android:name="com.google.firebase.components:io.flutter.plugins.firebase.storage.FlutterFirebaseAppRegistrar"
143-->[:firebase_storage] AndroidManifest.xml:12:17-126
144                android:value="com.google.firebase.components.ComponentRegistrar" />
144-->[:firebase_storage] AndroidManifest.xml:13:17-82
145            <meta-data
145-->[:firebase_core] AndroidManifest.xml:11:13-13:85
146                android:name="com.google.firebase.components:io.flutter.plugins.firebase.core.FlutterFirebaseCoreRegistrar"
146-->[:firebase_core] AndroidManifest.xml:12:17-124
147                android:value="com.google.firebase.components.ComponentRegistrar" />
147-->[:firebase_core] AndroidManifest.xml:13:17-82
148            <meta-data
148-->[com.google.firebase:firebase-perf:20.5.2] AndroidManifest.xml:14:13-16:85
149                android:name="com.google.firebase.components:com.google.firebase.perf.FirebasePerfKtxRegistrar"
149-->[com.google.firebase:firebase-perf:20.5.2] AndroidManifest.xml:15:17-112
150                android:value="com.google.firebase.components.ComponentRegistrar" />
150-->[com.google.firebase:firebase-perf:20.5.2] AndroidManifest.xml:16:17-82
151            <meta-data
151-->[com.google.firebase:firebase-perf:20.5.2] AndroidManifest.xml:17:13-19:85
152                android:name="com.google.firebase.components:com.google.firebase.perf.FirebasePerfRegistrar"
152-->[com.google.firebase:firebase-perf:20.5.2] AndroidManifest.xml:18:17-109
153                android:value="com.google.firebase.components.ComponentRegistrar" />
153-->[com.google.firebase:firebase-perf:20.5.2] AndroidManifest.xml:19:17-82
154            <meta-data
154-->[com.google.firebase:firebase-functions:20.4.0] AndroidManifest.xml:15:13-17:85
155                android:name="com.google.firebase.components:com.google.firebase.functions.FirebaseFunctionsKtxRegistrar"
155-->[com.google.firebase:firebase-functions:20.4.0] AndroidManifest.xml:16:17-122
156                android:value="com.google.firebase.components.ComponentRegistrar" />
156-->[com.google.firebase:firebase-functions:20.4.0] AndroidManifest.xml:17:17-82
157            <meta-data
157-->[com.google.firebase:firebase-functions:20.4.0] AndroidManifest.xml:18:13-20:85
158                android:name="com.google.firebase.components:com.google.firebase.functions.FunctionsRegistrar"
158-->[com.google.firebase:firebase-functions:20.4.0] AndroidManifest.xml:19:17-111
159                android:value="com.google.firebase.components.ComponentRegistrar" />
159-->[com.google.firebase:firebase-functions:20.4.0] AndroidManifest.xml:20:17-82
160            <meta-data
160-->[com.google.firebase:firebase-auth:22.3.1] AndroidManifest.xml:69:13-71:85
161                android:name="com.google.firebase.components:com.google.firebase.auth.FirebaseAuthRegistrar"
161-->[com.google.firebase:firebase-auth:22.3.1] AndroidManifest.xml:70:17-109
162                android:value="com.google.firebase.components.ComponentRegistrar" />
162-->[com.google.firebase:firebase-auth:22.3.1] AndroidManifest.xml:71:17-82
163            <meta-data
163-->[com.google.firebase:firebase-firestore:24.11.0] AndroidManifest.xml:17:13-19:85
164                android:name="com.google.firebase.components:com.google.firebase.firestore.FirebaseFirestoreKtxRegistrar"
164-->[com.google.firebase:firebase-firestore:24.11.0] AndroidManifest.xml:18:17-122
165                android:value="com.google.firebase.components.ComponentRegistrar" />
165-->[com.google.firebase:firebase-firestore:24.11.0] AndroidManifest.xml:19:17-82
166            <meta-data
166-->[com.google.firebase:firebase-firestore:24.11.0] AndroidManifest.xml:20:13-22:85
167                android:name="com.google.firebase.components:com.google.firebase.firestore.FirestoreRegistrar"
167-->[com.google.firebase:firebase-firestore:24.11.0] AndroidManifest.xml:21:17-111
168                android:value="com.google.firebase.components.ComponentRegistrar" />
168-->[com.google.firebase:firebase-firestore:24.11.0] AndroidManifest.xml:22:17-82
169            <meta-data
169-->[com.google.firebase:firebase-storage:20.3.0] AndroidManifest.xml:30:13-32:85
170                android:name="com.google.firebase.components:com.google.firebase.storage.FirebaseStorageKtxRegistrar"
170-->[com.google.firebase:firebase-storage:20.3.0] AndroidManifest.xml:31:17-118
171                android:value="com.google.firebase.components.ComponentRegistrar" />
171-->[com.google.firebase:firebase-storage:20.3.0] AndroidManifest.xml:32:17-82
172            <meta-data
172-->[com.google.firebase:firebase-storage:20.3.0] AndroidManifest.xml:33:13-35:85
173                android:name="com.google.firebase.components:com.google.firebase.storage.StorageRegistrar"
173-->[com.google.firebase:firebase-storage:20.3.0] AndroidManifest.xml:34:17-107
174                android:value="com.google.firebase.components.ComponentRegistrar" />
174-->[com.google.firebase:firebase-storage:20.3.0] AndroidManifest.xml:35:17-82
175            <meta-data
175-->[com.google.firebase:firebase-config:21.6.3] AndroidManifest.xml:29:13-31:85
176                android:name="com.google.firebase.components:com.google.firebase.remoteconfig.FirebaseRemoteConfigKtxRegistrar"
176-->[com.google.firebase:firebase-config:21.6.3] AndroidManifest.xml:30:17-128
177                android:value="com.google.firebase.components.ComponentRegistrar" />
177-->[com.google.firebase:firebase-config:21.6.3] AndroidManifest.xml:31:17-82
178            <meta-data
178-->[com.google.firebase:firebase-config:21.6.3] AndroidManifest.xml:32:13-34:85
179                android:name="com.google.firebase.components:com.google.firebase.remoteconfig.RemoteConfigRegistrar"
179-->[com.google.firebase:firebase-config:21.6.3] AndroidManifest.xml:33:17-117
180                android:value="com.google.firebase.components.ComponentRegistrar" />
180-->[com.google.firebase:firebase-config:21.6.3] AndroidManifest.xml:34:17-82
181            <meta-data
181-->[com.google.firebase:firebase-sessions:1.2.2] AndroidManifest.xml:29:13-31:85
182                android:name="com.google.firebase.components:com.google.firebase.sessions.FirebaseSessionsRegistrar"
182-->[com.google.firebase:firebase-sessions:1.2.2] AndroidManifest.xml:30:17-117
183                android:value="com.google.firebase.components.ComponentRegistrar" />
183-->[com.google.firebase:firebase-sessions:1.2.2] AndroidManifest.xml:31:17-82
184            <meta-data
184-->[com.google.firebase:firebase-iid:21.1.0] AndroidManifest.xml:32:13-34:85
185                android:name="com.google.firebase.components:com.google.firebase.iid.Registrar"
185-->[com.google.firebase:firebase-iid:21.1.0] AndroidManifest.xml:33:17-96
186                android:value="com.google.firebase.components.ComponentRegistrar" />
186-->[com.google.firebase:firebase-iid:21.1.0] AndroidManifest.xml:34:17-82
187            <meta-data
187-->[com.google.firebase:firebase-installations:17.2.0] AndroidManifest.xml:15:13-17:85
188                android:name="com.google.firebase.components:com.google.firebase.installations.FirebaseInstallationsKtxRegistrar"
188-->[com.google.firebase:firebase-installations:17.2.0] AndroidManifest.xml:16:17-130
189                android:value="com.google.firebase.components.ComponentRegistrar" />
189-->[com.google.firebase:firebase-installations:17.2.0] AndroidManifest.xml:17:17-82
190            <meta-data
190-->[com.google.firebase:firebase-installations:17.2.0] AndroidManifest.xml:18:13-20:85
191                android:name="com.google.firebase.components:com.google.firebase.installations.FirebaseInstallationsRegistrar"
191-->[com.google.firebase:firebase-installations:17.2.0] AndroidManifest.xml:19:17-127
192                android:value="com.google.firebase.components.ComponentRegistrar" />
192-->[com.google.firebase:firebase-installations:17.2.0] AndroidManifest.xml:20:17-82
193            <meta-data
193-->[com.google.firebase:firebase-appcheck:17.1.2] AndroidManifest.xml:25:13-27:85
194                android:name="com.google.firebase.components:com.google.firebase.appcheck.FirebaseAppCheckKtxRegistrar"
194-->[com.google.firebase:firebase-appcheck:17.1.2] AndroidManifest.xml:26:17-120
195                android:value="com.google.firebase.components.ComponentRegistrar" />
195-->[com.google.firebase:firebase-appcheck:17.1.2] AndroidManifest.xml:27:17-82
196            <meta-data
196-->[com.google.firebase:firebase-appcheck:17.1.2] AndroidManifest.xml:28:13-30:85
197                android:name="com.google.firebase.components:com.google.firebase.appcheck.FirebaseAppCheckRegistrar"
197-->[com.google.firebase:firebase-appcheck:17.1.2] AndroidManifest.xml:29:17-117
198                android:value="com.google.firebase.components.ComponentRegistrar" />
198-->[com.google.firebase:firebase-appcheck:17.1.2] AndroidManifest.xml:30:17-82
199            <meta-data
199-->[com.google.firebase:firebase-common-ktx:20.4.3] AndroidManifest.xml:12:13-14:85
200                android:name="com.google.firebase.components:com.google.firebase.ktx.FirebaseCommonLegacyRegistrar"
200-->[com.google.firebase:firebase-common-ktx:20.4.3] AndroidManifest.xml:13:17-116
201                android:value="com.google.firebase.components.ComponentRegistrar" />
201-->[com.google.firebase:firebase-common-ktx:20.4.3] AndroidManifest.xml:14:17-82
202            <meta-data
202-->[com.google.firebase:firebase-common:20.4.3] AndroidManifest.xml:35:13-37:85
203                android:name="com.google.firebase.components:com.google.firebase.FirebaseCommonKtxRegistrar"
203-->[com.google.firebase:firebase-common:20.4.3] AndroidManifest.xml:36:17-109
204                android:value="com.google.firebase.components.ComponentRegistrar" />
204-->[com.google.firebase:firebase-common:20.4.3] AndroidManifest.xml:37:17-82
205            <meta-data
205-->[com.google.firebase:firebase-abt:21.1.1] AndroidManifest.xml:12:13-14:85
206                android:name="com.google.firebase.components:com.google.firebase.abt.component.AbtRegistrar"
206-->[com.google.firebase:firebase-abt:21.1.1] AndroidManifest.xml:13:17-109
207                android:value="com.google.firebase.components.ComponentRegistrar" />
207-->[com.google.firebase:firebase-abt:21.1.1] AndroidManifest.xml:14:17-82
208            <meta-data
208-->[com.google.firebase:firebase-datatransport:18.1.8] AndroidManifest.xml:27:13-29:85
209                android:name="com.google.firebase.components:com.google.firebase.datatransport.TransportRegistrar"
209-->[com.google.firebase:firebase-datatransport:18.1.8] AndroidManifest.xml:28:17-115
210                android:value="com.google.firebase.components.ComponentRegistrar" />
210-->[com.google.firebase:firebase-datatransport:18.1.8] AndroidManifest.xml:29:17-82
211        </service>
212
213        <provider
213-->[:image_picker_android] AndroidManifest.xml:10:9-18:20
214            android:name="io.flutter.plugins.imagepicker.ImagePickerFileProvider"
214-->[:image_picker_android] AndroidManifest.xml:11:13-82
215            android:authorities="com.gds.customer.flutter.image_provider"
215-->[:image_picker_android] AndroidManifest.xml:12:13-74
216            android:exported="false"
216-->[:image_picker_android] AndroidManifest.xml:13:13-37
217            android:grantUriPermissions="true" >
217-->[:image_picker_android] AndroidManifest.xml:14:13-47
218            <meta-data
218-->[:image_picker_android] AndroidManifest.xml:15:13-17:75
219                android:name="android.support.FILE_PROVIDER_PATHS"
219-->[:image_picker_android] AndroidManifest.xml:16:17-67
220                android:resource="@xml/flutter_image_picker_file_paths" />
220-->[:image_picker_android] AndroidManifest.xml:17:17-72
221        </provider>
222
223        <activity
223-->[:url_launcher_android] AndroidManifest.xml:10:9-13:74
224            android:name="io.flutter.plugins.urllauncher.WebViewActivity"
224-->[:url_launcher_android] AndroidManifest.xml:11:13-74
225            android:exported="false"
225-->[:url_launcher_android] AndroidManifest.xml:12:13-37
226            android:theme="@android:style/Theme.NoTitleBar.Fullscreen" />
226-->[:url_launcher_android] AndroidManifest.xml:13:13-71
227        <activity
227-->[com.stripe:paymentsheet:20.37.4] AndroidManifest.xml:8:9-12:58
228            android:name="com.stripe.android.paymentsheet.PaymentSheetActivity"
228-->[com.stripe:paymentsheet:20.37.4] AndroidManifest.xml:9:13-80
229            android:exported="false"
229-->[com.stripe:paymentsheet:20.37.4] AndroidManifest.xml:10:13-37
230            android:theme="@style/StripePaymentSheetDefaultTheme"
230-->[com.stripe:paymentsheet:20.37.4] AndroidManifest.xml:11:13-66
231            android:windowSoftInputMode="adjustResize" />
231-->[com.stripe:paymentsheet:20.37.4] AndroidManifest.xml:12:13-55
232        <activity
232-->[com.stripe:paymentsheet:20.37.4] AndroidManifest.xml:13:9-17:58
233            android:name="com.stripe.android.paymentsheet.PaymentOptionsActivity"
233-->[com.stripe:paymentsheet:20.37.4] AndroidManifest.xml:14:13-82
234            android:exported="false"
234-->[com.stripe:paymentsheet:20.37.4] AndroidManifest.xml:15:13-37
235            android:theme="@style/StripePaymentSheetDefaultTheme"
235-->[com.stripe:paymentsheet:20.37.4] AndroidManifest.xml:16:13-66
236            android:windowSoftInputMode="adjustResize" />
236-->[com.stripe:paymentsheet:20.37.4] AndroidManifest.xml:17:13-55
237        <activity
237-->[com.stripe:paymentsheet:20.37.4] AndroidManifest.xml:18:9-22:58
238            android:name="com.stripe.android.customersheet.CustomerSheetActivity"
238-->[com.stripe:paymentsheet:20.37.4] AndroidManifest.xml:19:13-82
239            android:exported="false"
239-->[com.stripe:paymentsheet:20.37.4] AndroidManifest.xml:20:13-37
240            android:theme="@style/StripePaymentSheetDefaultTheme"
240-->[com.stripe:paymentsheet:20.37.4] AndroidManifest.xml:21:13-66
241            android:windowSoftInputMode="adjustResize" />
241-->[com.stripe:paymentsheet:20.37.4] AndroidManifest.xml:22:13-55
242        <activity
242-->[com.stripe:paymentsheet:20.37.4] AndroidManifest.xml:23:9-26:69
243            android:name="com.stripe.android.paymentsheet.addresselement.AddressElementActivity"
243-->[com.stripe:paymentsheet:20.37.4] AndroidManifest.xml:24:13-97
244            android:exported="false"
244-->[com.stripe:paymentsheet:20.37.4] AndroidManifest.xml:25:13-37
245            android:theme="@style/StripePaymentSheetDefaultTheme" />
245-->[com.stripe:paymentsheet:20.37.4] AndroidManifest.xml:26:13-66
246        <activity
246-->[com.stripe:paymentsheet:20.37.4] AndroidManifest.xml:27:9-30:69
247            android:name="com.stripe.android.paymentsheet.paymentdatacollection.bacs.BacsMandateConfirmationActivity"
247-->[com.stripe:paymentsheet:20.37.4] AndroidManifest.xml:28:13-118
248            android:exported="false"
248-->[com.stripe:paymentsheet:20.37.4] AndroidManifest.xml:29:13-37
249            android:theme="@style/StripePaymentSheetDefaultTheme" />
249-->[com.stripe:paymentsheet:20.37.4] AndroidManifest.xml:30:13-66
250        <activity
250-->[com.stripe:paymentsheet:20.37.4] AndroidManifest.xml:31:9-34:69
251            android:name="com.stripe.android.paymentsheet.paymentdatacollection.polling.PollingActivity"
251-->[com.stripe:paymentsheet:20.37.4] AndroidManifest.xml:32:13-105
252            android:exported="false"
252-->[com.stripe:paymentsheet:20.37.4] AndroidManifest.xml:33:13-37
253            android:theme="@style/StripePaymentSheetDefaultTheme" />
253-->[com.stripe:paymentsheet:20.37.4] AndroidManifest.xml:34:13-66
254        <activity
254-->[com.stripe:paymentsheet:20.37.4] AndroidManifest.xml:35:9-38:69
255            android:name="com.stripe.android.paymentsheet.ui.SepaMandateActivity"
255-->[com.stripe:paymentsheet:20.37.4] AndroidManifest.xml:36:13-82
256            android:exported="false"
256-->[com.stripe:paymentsheet:20.37.4] AndroidManifest.xml:37:13-37
257            android:theme="@style/StripePaymentSheetDefaultTheme" />
257-->[com.stripe:paymentsheet:20.37.4] AndroidManifest.xml:38:13-66
258        <activity
258-->[com.stripe:link:20.37.4] AndroidManifest.xml:8:9-13:61
259            android:name="com.stripe.android.link.LinkForegroundActivity"
259-->[com.stripe:link:20.37.4] AndroidManifest.xml:9:13-74
260            android:autoRemoveFromRecents="true"
260-->[com.stripe:link:20.37.4] AndroidManifest.xml:10:13-49
261            android:configChanges="orientation|keyboard|keyboardHidden|screenLayout|screenSize|smallestScreenSize"
261-->[com.stripe:link:20.37.4] AndroidManifest.xml:11:13-115
262            android:launchMode="singleTop"
262-->[com.stripe:link:20.37.4] AndroidManifest.xml:12:13-43
263            android:theme="@style/StripeTransparentTheme" />
263-->[com.stripe:link:20.37.4] AndroidManifest.xml:13:13-58
264        <activity
264-->[com.stripe:link:20.37.4] AndroidManifest.xml:14:9-31:20
265            android:name="com.stripe.android.link.LinkRedirectHandlerActivity"
265-->[com.stripe:link:20.37.4] AndroidManifest.xml:15:13-79
266            android:autoRemoveFromRecents="true"